app/build/outputs/logs/manifest-merger-debug-report.txt
-- Merging decision tree log ---
manifest
ADDED from src\main\AndroidManifest.xml:2:1-67:12
	package
		ADDED from src\main\AndroidManifest.xml:3:5-44
		INJECTED from src\main\AndroidManifest.xml
		INJECTED from src\main\AndroidManifest.xml
	android:versionName
		ADDED from src\main\AndroidManifest.xml:5:5-30
		INJECTED from src\main\AndroidManifest.xml
		INJECTED from src\main\AndroidManifest.xml
	android:versionCode
		ADDED from src\main\AndroidManifest.xml:4:5-28
		INJECTED from src\main\AndroidManifest.xml
		INJECTED from src\main\AndroidManifest.xml
	xmlns:android
		ADDED from src\main\AndroidManifest.xml:2:11-69
uses-sdk
ADDED from src\main\AndroidManifest.xml:7:5-9:41
MERGED from [com.android.support:appcompat-v7:23.3.0] AndroidManifest.xml:21:5-23:78
MERGED from [com.android.support:support-vector-drawable:23.3.0] AndroidManifest.xml:5:5-43
MERGED from [com.android.support:support-v4:23.3.0] AndroidManifest.xml:20:5-43
MERGED from [com.android.support:animated-vector-drawable:23.3.0] AndroidManifest.xml:5:5-44
MERGED from [com.android.support:support-vector-drawable:23.3.0] AndroidManifest.xml:5:5-43
MERGED from [com.android.support:support-v4:23.3.0] AndroidManifest.xml:20:5-43
MERGED from [com.android.support:support-v4:23.3.0] AndroidManifest.xml:20:5-43
	tools:overrideLibrary
		ADDED from [com.android.support:appcompat-v7:23.3.0] AndroidManifest.xml:23:9-75
	android:targetSdkVersion
		ADDED from src\main\AndroidManifest.xml:9:9-38
		INJECTED from src\main\AndroidManifest.xml
		INJECTED from src\main\AndroidManifest.xml
	android:minSdkVersion
		ADDED from src\main\AndroidManifest.xml:8:9-35
		INJECTED from src\main\AndroidManifest.xml
		INJECTED from src\main\AndroidManifest.xml
uses-permission#android.permission.INTERNET
ADDED from src\main\AndroidManifest.xml:11:5-67
	android:name
		ADDED from src\main\AndroidManifest.xml:11:22-64
uses-permission#android.permission.WRITE_EXTERNAL_STORAGE
ADDED from src\main\AndroidManifest.xml:12:5-81
	android:name
		ADDED from src\main\AndroidManifest.xml:12:22-78
uses-permission#android.permission.READ_EXTERNAL_STORAGE
ADDED from src\main\AndroidManifest.xml:13:5-80
	android:name
		ADDED from src\main\AndroidManifest.xml:13:22-77
uses-permission#android.permission.VIBRATE
ADDED from src\main\AndroidManifest.xml:14:5-66
	android:name
		ADDED from src\main\AndroidManifest.xml:14:22-63
application
ADDED from src\main\AndroidManifest.xml:16:5-65:19
MERGED from [com.android.support:appcompat-v7:23.3.0] AndroidManifest.xml:25:5-20
MERGED from [com.android.support:support-vector-drawable:23.3.0] AndroidManifest.xml:7:5-20
MERGED from [com.android.support:support-v4:23.3.0] AndroidManifest.xml:22:5-20
MERGED from [com.android.support:animated-vector-drawable:23.3.0] AndroidManifest.xml:7:5-20
MERGED from [com.android.support:support-vector-drawable:23.3.0] AndroidManifest.xml:7:5-20
MERGED from [com.android.support:support-v4:23.3.0] AndroidManifest.xml:22:5-20
MERGED from [com.android.support:support-v4:23.3.0] AndroidManifest.xml:22:5-20
	android:label
		ADDED from src\main\AndroidManifest.xml:19:9-41
	android:allowBackup
		ADDED from src\main\AndroidManifest.xml:17:9-35
	android:icon
		ADDED from src\main\AndroidManifest.xml:18:9-40
	android:theme
		ADDED from src\main\AndroidManifest.xml:20:9-40
service#com.example.android.softkeyboard.SoftKeyboard
ADDED from src\main\AndroidManifest.xml:21:9-33:19
	android:enabled
		ADDED from src\main\AndroidManifest.xml:23:13-35
	android:label
		ADDED from src\main\AndroidManifest.xml:24:13-45
	android:permission
		ADDED from src\main\AndroidManifest.xml:25:13-70
	android:name
		ADDED from src\main\AndroidManifest.xml:22:13-73
intent-filter#android.view.InputMethod
ADDED from src\main\AndroidManifest.xml:26:13-28:29
action#android.view.InputMethod
ADDED from src\main\AndroidManifest.xml:27:17-67
	android:name
		ADDED from src\main\AndroidManifest.xml:27:25-64
meta-data#android.view.im
ADDED from src\main\AndroidManifest.xml:30:13-32:50
	android:resource
		ADDED from src\main\AndroidManifest.xml:32:17-47
	android:name
		ADDED from src\main\AndroidManifest.xml:31:17-47
activity#com.te.UI.MainActivity
ADDED from src\main\AndroidManifest.xml:35:9-44:20
	android:screenOrientation
		ADDED from src\main\AndroidManifest.xml:38:13-49
	android:label
		ADDED from src\main\AndroidManifest.xml:37:13-45
	android:name
		ADDED from src\main\AndroidManifest.xml:36:13-50
intent-filter#android.intent.action.MAIN+android.intent.category.LAUNCHER
ADDED from src\main\AndroidManifest.xml:39:13-43:29
action#android.intent.action.MAIN
ADDED from src\main\AndroidManifest.xml:40:17-69
	android:name
		ADDED from src\main\AndroidManifest.xml:40:25-66
category#android.intent.category.LAUNCHER
ADDED from src\main\AndroidManifest.xml:42:17-77
	android:name
		ADDED from src\main\AndroidManifest.xml:42:27-74
activity#com.te.UI.SessionSettings
ADDED from src\main\AndroidManifest.xml:46:9-50:66
	android:screenOrientation
		ADDED from src\main\AndroidManifest.xml:49:13-49
	android:label
		ADDED from src\main\AndroidManifest.xml:48:13-60
	android:parentActivityName
		ADDED from src\main\AndroidManifest.xml:50:13-64
	android:name
		ADDED from src\main\AndroidManifest.xml:47:13-53
activity#com.te.UI.SettingsActivity
ADDED from src\main\AndroidManifest.xml:52:9-56:66
	android:screenOrientation
		ADDED from src\main\AndroidManifest.xml:55:13-49
	android:label
		ADDED from src\main\AndroidManifest.xml:54:13-60
	android:parentActivityName
		ADDED from src\main\AndroidManifest.xml:56:13-64
	android:name
		ADDED from src\main\AndroidManifest.xml:53:13-54
activity#com.te.UI.barcodetest
ADDED from src\main\AndroidManifest.xml:58:9-59:20
	android:name
		ADDED from src\main\AndroidManifest.xml:58:19-55
activity#com.te.UI.SymbolActivity
ADDED from src\main\AndroidManifest.xml:60:9-64:20
	android:label
		ADDED from src\main\AndroidManifest.xml:62:13-58
	android:theme
		ADDED from src\main\AndroidManifest.xml:63:13-57
	android:name
		ADDED from src\main\AndroidManifest.xml:61:13-52